#
# A fatal error has been detected by the Java Runtime Environment:
#
#  EXCEPTION_ACCESS_VIOLATION (0xc0000005) at pc=0x73779781, pid=7140, tid=9708
#
# JRE version: 7.0_09-b05
# Java VM: Java HotSpot(TM) Client VM (23.5-b02 mixed mode windows-x86 )
# Problematic frame:
# C  0x73779781
#
# Failed to write core dump. Minidumps are not enabled by default on client versions of Windows
#
# If you would like to submit a bug report, please visit:
#   http://bugreport.sun.com/bugreport/crash.jsp
# The crash happened outside the Java Virtual Machine in native code.
# See problematic frame for where to report the bug.
#

---------------  T H R E A D  ---------------

Current thread (0x1bdb2c00):  JavaThread "Thread-3" [_thread_in_native, id=9708, stack(0x1c140000,0x1c190000)]

siginfo: ExceptionCode=0xc0000005, ExceptionInformation=0x00000008 0x73779781

Registers:
EAX=0x00000000, EBX=0x196807e0, ECX=0x00000000, EDX=0x00000000
ESP=0x1c18f740, EBP=0x1c18f748, ESI=0x00000000, EDI=0x196807e4
EIP=0x73779781, EFLAGS=0x00010202

Top of Stack: (sp=0x1c18f740)
0x1c18f740:   19680820 03320903 1c18f760 737909d1
0x1c18f750:   19680820 00f05a68 00000000 00000002
0x1c18f760:   03320903 6c534c80 196807e0 00000000
0x1c18f770:   00f05a68 1bdb2d28 1bdb2c00 1c18f7dc
0x1c18f780:   6c5351c0 03320903 1bdb1a40 6c539417
0x1c18f790:   00000000 14b5b348 14b5b348 0260f082
0x1c18f7a0:   1bdb2d28 1c18f7f8 00000000 0000028a
0x1c18f7b0:   000001ea 02603347 09f31fc8 1c18f7bc 

Instructions: (pc=0x73779781)
0x73779761:   
[error occurred during error reporting (printing registers, top of stack, instructions near pc), id 0xc0000005]

Register to memory mapping:

EAX=0x00000000 is an unknown value
EBX=0x196807e0 is an unknown value
ECX=0x00000000 is an unknown value
EDX=0x00000000 is an unknown value
ESP=0x1c18f740 is pointing into the stack for thread: 0x1bdb2c00
EBP=0x1c18f748 is pointing into the stack for thread: 0x1bdb2c00
ESI=0x00000000 is an unknown value
EDI=0x196807e4 is an unknown value


Stack: [0x1c140000,0x1c190000],  sp=0x1c18f740,  free space=317k
Native frames: (J=compiled Java code, j=interpreted, Vv=VM code, C=native code)
C  0x73779781
C  0x737909d1

Java frames: (J=compiled Java code, j=interpreted, Vv=VM code)
j  sun.java2d.d3d.D3DSurfaceData.initOps(III)V+0
j  sun.java2d.d3d.D3DSurfaceData.<init>(Lsun/awt/windows/WComponentPeer;Lsun/java2d/d3d/D3DGraphicsConfig;IILjava/awt/Image;Ljava/awt/image/ColorModel;IILsun/java2d/pipe/hw/ExtendedBufferCapabilities$VSyncType;I)V+76
j  sun.java2d.d3d.D3DSurfaceData.createData(Lsun/awt/windows/WComponentPeer;Ljava/awt/Image;)Lsun/java2d/d3d/D3DSurfaceData;+117
j  sun.java2d.d3d.D3DVolatileSurfaceManager.initAcceleratedSurface()Lsun/java2d/SurfaceData;+59
j  sun.java2d.d3d.D3DVolatileSurfaceManager.restoreAcceleratedSurface()V+62
J  sun.awt.image.VolatileSurfaceManager.validate(Ljava/awt/GraphicsConfiguration;)I
J  sun.awt.image.SunVolatileImage.validate(Ljava/awt/GraphicsConfiguration;)I
J  java.awt.Component$FlipBufferStrategy.revalidate(Z)V
J  java.awt.Component$FlipBufferStrategy.getDrawGraphics()Ljava/awt/Graphics;
J  ld25.Game.render(D)V
j  ld25.Game.run()V+90
j  java.lang.Thread.run()V+11
v  ~StubRoutines::call_stub

---------------  P R O C E S S  ---------------

Java Threads: ( => current thread )
  0x00e4fc00 JavaThread "Thread-1" daemon [_thread_in_native, id=9520, stack(0x1d290000,0x1d2e0000)]
  0x004cb000 JavaThread "DestroyJavaVM" [_thread_blocked, id=5052, stack(0x00330000,0x00380000)]
=>0x1bdb2c00 JavaThread "Thread-3" [_thread_in_native, id=9708, stack(0x1c140000,0x1c190000)]
  0x1bd49800 JavaThread "AWT-EventQueue-0" [_thread_blocked, id=8796, stack(0x192a0000,0x192f0000)]
  0x00f05000 JavaThread "AWT-Windows" daemon [_thread_in_native, id=5448, stack(0x19420000,0x19470000)]
  0x00f19c00 JavaThread "AWT-Shutdown" [_thread_blocked, id=3052, stack(0x19160000,0x191b0000)]
  0x00eb2400 JavaThread "Java2D Disposer" daemon [_thread_blocked, id=8584, stack(0x19360000,0x193b0000)]
  0x00dd8800 JavaThread "Service Thread" daemon [_thread_blocked, id=9676, stack(0x19030000,0x19080000)]
  0x00dcb800 JavaThread "C1 CompilerThread0" daemon [_thread_blocked, id=5392, stack(0x18eb0000,0x18f00000)]
  0x00dc2c00 JavaThread "JDWP Command Reader" daemon [_thread_in_native, id=5724, stack(0x18f60000,0x18fb0000)]
  0x00dbbc00 JavaThread "JDWP Event Helper Thread" daemon [_thread_blocked, id=7624, stack(0x18e50000,0x18ea0000)]
  0x00dad800 JavaThread "JDWP Transport Listener: dt_socket" daemon [_thread_blocked, id=7132, stack(0x188e0000,0x18930000)]
  0x00daa400 JavaThread "Attach Listener" daemon [_thread_blocked, id=8024, stack(0x01010000,0x01060000)]
  0x00da7000 JavaThread "Signal Dispatcher" daemon [_thread_blocked, id=2848, stack(0x00f60000,0x00fb0000)]
  0x00d54000 JavaThread "Finalizer" daemon [_thread_blocked, id=9308, stack(0x01110000,0x01160000)]
  0x00a7c400 JavaThread "Reference Handler" daemon [_thread_blocked, id=3148, stack(0x00b70000,0x00bc0000)]

Other Threads:
  0x00a77800 VMThread [stack: 0x00d00000,0x00d50000] [id=7392]
  0x00deb000 WatcherThread [stack: 0x191b0000,0x19200000] [id=8280]

VM state:not at safepoint (normal execution)

VM Mutex/Monitor currently owned by a thread: None

Heap
 def new generation   total 4928K, used 768K [0x04600000, 0x04b50000, 0x09b50000)
  eden space 4416K,  17% used [0x04600000, 0x046bfdf8, 0x04a50000)
  from space 512K,   0% used [0x04ad0000, 0x04ad0418, 0x04b50000)
  to   space 512K,   0% used [0x04a50000, 0x04a50000, 0x04ad0000)
 tenured generation   total 10944K, used 4213K [0x09b50000, 0x0a600000, 0x14600000)
   the space 10944K,  38% used [0x09b50000, 0x09f6d470, 0x09f6d600, 0x0a600000)
 compacting perm gen  total 12288K, used 5972K [0x14600000, 0x15200000, 0x18600000)
   the space 12288K,  48% used [0x14600000, 0x14bd5188, 0x14bd5200, 0x15200000)
No shared spaces configured.

Card table byte_map: [0x00410000,0x004c0000] byte_map_base: 0x003ed000

Polling page: 0x00180000

Code Cache  [0x02600000, 0x02730000, 0x04600000)
 total_blobs=714 nmethods=494 adapters=163 free_code_cache=31581Kb largest_free_block=32339712

Compilation events (10 events):
Event: 40.597 Thread 0x00dcb800  491             sun.awt.EventQueueItem::<init> (10 bytes)
Event: 40.597 Thread 0x00dcb800 nmethod 491 0x027264c8 code [0x027265c0, 0x02726650]
Event: 40.631 Thread 0x00dcb800  492             javax.swing.SwingUtilities::processKeyBindings (98 bytes)
Event: 40.631 Thread 0x00dcb800 nmethod 492 0x027266c8 code [0x02726820, 0x02726b94]
Event: 43.466 Thread 0x00dcb800  493             java.awt.Color::<init> (72 bytes)
Event: 43.466 Thread 0x00dcb800 nmethod 493 0x02726e88 code [0x02726f80, 0x027270ac]
Event: 43.466 Thread 0x00dcb800  494             java.awt.Color::testColorValueRange (186 bytes)
Event: 43.467 Thread 0x00dcb800 nmethod 494 0x02727148 code [0x02727350, 0x02727c60]
Event: 43.733 Thread 0x00dcb800  495             java.awt.Color::<init> (88 bytes)
Event: 43.733 Thread 0x00dcb800 nmethod 495 0x02728448 code [0x027285e0, 0x0272885c]

GC Heap History (10 events):
Event: 43.628 GC heap before
{Heap before GC invocations=76 (full 0):
 def new generation   total 4928K, used 4416K [0x04600000, 0x04b50000, 0x09b50000)
  eden space 4416K, 100% used [0x04600000, 0x04a50000, 0x04a50000)
  from space 512K,   0% used [0x04a50000, 0x04a502f8, 0x04ad0000)
  to   space 512K,   0% used [0x04ad0000, 0x04ad0000, 0x04b50000)
 tenured generation   total 10944K, used 4213K [0x09b50000, 0x0a600000, 0x14600000)
   the space 10944K,  38% used [0x09b50000, 0x09f6d470, 0x09f6d600, 0x0a600000)
 compacting perm gen  total 12288K, used 5963K [0x14600000, 0x15200000, 0x18600000)
   the space 12288K,  48% used [0x14600000, 0x14bd2c78, 0x14bd2e00, 0x15200000)
No shared spaces configured.
Event: 43.628 GC heap after
Heap after GC invocations=77 (full 0):
 def new generation   total 4928K, used 1K [0x04600000, 0x04b50000, 0x09b50000)
  eden space 4416K,   0% used [0x04600000, 0x04600000, 0x04a50000)
  from space 512K,   0% used [0x04ad0000, 0x04ad0430, 0x04b50000)
  to   space 512K,   0% used [0x04a50000, 0x04a50000, 0x04ad0000)
 tenured generation   total 10944K, used 4213K [0x09b50000, 0x0a600000, 0x14600000)
   the space 10944K,  38% used [0x09b50000, 0x09f6d470, 0x09f6d600, 0x0a600000)
 compacting perm gen  total 12288K, used 5963K [0x14600000, 0x15200000, 0x18600000)
   the space 12288K,  48% used [0x14600000, 0x14bd2c78, 0x14bd2e00, 0x15200000)
No shared spaces configured.
}
Event: 44.071 GC heap before
{Heap before GC invocations=77 (full 0):
 def new generation   total 4928K, used 4417K [0x04600000, 0x04b50000, 0x09b50000)
  eden space 4416K, 100% used [0x04600000, 0x04a50000, 0x04a50000)
  from space 512K,   0% used [0x04ad0000, 0x04ad0430, 0x04b50000)
  to   space 512K,   0% used [0x04a50000, 0x04a50000, 0x04ad0000)
 tenured generation   total 10944K, used 4213K [0x09b50000, 0x0a600000, 0x14600000)
   the space 10944K,  38% used [0x09b50000, 0x09f6d470, 0x09f6d600, 0x0a600000)
 compacting perm gen  total 12288K, used 5963K [0x14600000, 0x15200000, 0x18600000)
   the space 12288K,  48% used [0x14600000, 0x14bd2c78, 0x14bd2e00, 0x15200000)
No shared spaces configured.
Event: 44.072 GC heap after
Heap after GC invocations=78 (full 0):
 def new generation   total 4928K, used 0K [0x04600000, 0x04b50000, 0x09b50000)
  eden space 4416K,   0% used [0x04600000, 0x04600000, 0x04a50000)
  from space 512K,   0% used [0x04a50000, 0x04a503d8, 0x04ad0000)
  to   space 512K,   0% used [0x04ad0000, 0x04ad0000, 0x04b50000)
 tenured generation   total 10944K, used 4213K [0x09b50000, 0x0a600000, 0x14600000)
   the space 10944K,  38% used [0x09b50000, 0x09f6d470, 0x09f6d600, 0x0a600000)
 compacting perm gen  total 12288K, used 5963K [0x14600000, 0x15200000, 0x18600000)
   the space 12288K,  48% used [0x14600000, 0x14bd2c78, 0x14bd2e00, 0x15200000)
No shared spaces configured.
}
Event: 44.413 GC heap before
{Heap before GC invocations=78 (full 0):
 def new generation   total 4928K, used 4416K [0x04600000, 0x04b50000, 0x09b50000)
  eden space 4416K, 100% used [0x04600000, 0x04a50000, 0x04a50000)
  from space 512K,   0% used [0x04a50000, 0x04a503d8, 0x04ad0000)
  to   space 512K,   0% used [0x04ad0000, 0x04ad0000, 0x04b50000)
 tenured generation   total 10944K, used 4213K [0x09b50000, 0x0a600000, 0x14600000)
   the space 10944K,  38% used [0x09b50000, 0x09f6d470, 0x09f6d600, 0x0a600000)
 compacting perm gen  total 12288K, used 5963K [0x14600000, 0x15200000, 0x18600000)
   the space 12288K,  48% used [0x14600000, 0x14bd2c78, 0x14bd2e00, 0x15200000)
No shared spaces configured.
Event: 44.413 GC heap after
Heap after GC invocations=79 (full 0):
 def new generation   total 4928K, used 0K [0x04600000, 0x04b50000, 0x09b50000)
  eden space 4416K,   0% used [0x04600000, 0x04600000, 0x04a50000)
  from space 512K,   0% used [0x04ad0000, 0x04ad03c0, 0x04b50000)
  to   space 512K,   0% used [0x04a50000, 0x04a50000, 0x04ad0000)
 tenured generation   total 10944K, used 4213K [0x09b50000, 0x0a600000, 0x14600000)
   the space 10944K,  38% used [0x09b50000, 0x09f6d470, 0x09f6d600, 0x0a600000)
 compacting perm gen  total 12288K, used 5963K [0x14600000, 0x15200000, 0x18600000)
   the space 12288K,  48% used [0x14600000, 0x14bd2c78, 0x14bd2e00, 0x15200000)
No shared spaces configured.
}
Event: 44.809 GC heap before
{Heap before GC invocations=79 (full 0):
 def new generation   total 4928K, used 4416K [0x04600000, 0x04b50000, 0x09b50000)
  eden space 4416K, 100% used [0x04600000, 0x04a50000, 0x04a50000)
  from space 512K,   0% used [0x04ad0000, 0x04ad03c0, 0x04b50000)
  to   space 512K,   0% used [0x04a50000, 0x04a50000, 0x04ad0000)
 tenured generation   total 10944K, used 4213K [0x09b50000, 0x0a600000, 0x14600000)
   the space 10944K,  38% used [0x09b50000, 0x09f6d470, 0x09f6d600, 0x0a600000)
 compacting perm gen  total 12288K, used 5963K [0x14600000, 0x15200000, 0x18600000)
   the space 12288K,  48% used [0x14600000, 0x14bd2c78, 0x14bd2e00, 0x15200000)
No shared spaces configured.
Event: 44.809 GC heap after
Heap after GC invocations=80 (full 0):
 def new generation   total 4928K, used 1K [0x04600000, 0x04b50000, 0x09b50000)
  eden space 4416K,   0% used [0x04600000, 0x04600000, 0x04a50000)
  from space 512K,   0% used [0x04a50000, 0x04a50418, 0x04ad0000)
  to   space 512K,   0% used [0x04ad0000, 0x04ad0000, 0x04b50000)
 tenured generation   total 10944K, used 4213K [0x09b50000, 0x0a600000, 0x14600000)
   the space 10944K,  38% used [0x09b50000, 0x09f6d470, 0x09f6d600, 0x0a600000)
 compacting perm gen  total 12288K, used 5963K [0x14600000, 0x15200000, 0x18600000)
   the space 12288K,  48% used [0x14600000, 0x14bd2c78, 0x14bd2e00, 0x15200000)
No shared spaces configured.
}
Event: 45.262 GC heap before
{Heap before GC invocations=80 (full 0):
 def new generation   total 4928K, used 4417K [0x04600000, 0x04b50000, 0x09b50000)
  eden space 4416K, 100% used [0x04600000, 0x04a50000, 0x04a50000)
  from space 512K,   0% used [0x04a50000, 0x04a50418, 0x04ad0000)
  to   space 512K,   0% used [0x04ad0000, 0x04ad0000, 0x04b50000)
 tenured generation   total 10944K, used 4213K [0x09b50000, 0x0a600000, 0x14600000)
   the space 10944K,  38% used [0x09b50000, 0x09f6d470, 0x09f6d600, 0x0a600000)
 compacting perm gen  total 12288K, used 5963K [0x14600000, 0x15200000, 0x18600000)
   the space 12288K,  48% used [0x14600000, 0x14bd2c78, 0x14bd2e00, 0x15200000)
No shared spaces configured.
Event: 45.263 GC heap after
Heap after GC invocations=81 (full 0):
 def new generation   total 4928K, used 1K [0x04600000, 0x04b50000, 0x09b50000)
  eden space 4416K,   0% used [0x04600000, 0x04600000, 0x04a50000)
  from space 512K,   0% used [0x04ad0000, 0x04ad0418, 0x04b50000)
  to   space 512K,   0% used [0x04a50000, 0x04a50000, 0x04ad0000)
 tenured generation   total 10944K, used 4213K [0x09b50000, 0x0a600000, 0x14600000)
   the space 10944K,  38% used [0x09b50000, 0x09f6d470, 0x09f6d600, 0x0a600000)
 compacting perm gen  total 12288K, used 5963K [0x14600000, 0x15200000, 0x18600000)
   the space 12288K,  48% used [0x14600000, 0x14bd2c78, 0x14bd2e00, 0x15200000)
No shared spaces configured.
}

Deoptimization events (0 events):
No events

Internal exceptions (10 events):
Event: 0.781 Thread 0x004cb000 Threw 0x046a6328 at C:\jdk7u1_32P\jdk7u9_3984_new\hotspot\src\share\vm\prims\jvm.cpp:1166
Event: 0.971 Thread 0x004cb000 Threw 0x047eea90 at C:\jdk7u1_32P\jdk7u9_3984_new\hotspot\src\share\vm\prims\jvm.cpp:1166
Event: 0.989 Thread 0x004cb000 Threw 0x047f6df8 at C:\jdk7u1_32P\jdk7u9_3984_new\hotspot\src\share\vm\prims\jni.cpp:716
Event: 1.013 Thread 0x004cb000 Threw 0x048217a0 at C:\jdk7u1_32P\jdk7u9_3984_new\hotspot\src\share\vm\prims\jvm.cpp:1166
Event: 1.019 Thread 0x004cb000 Threw 0x0483b430 at C:\jdk7u1_32P\jdk7u9_3984_new\hotspot\src\share\vm\prims\jvm.cpp:1166
Event: 1.020 Thread 0x004cb000 Threw 0x0483cad0 at C:\jdk7u1_32P\jdk7u9_3984_new\hotspot\src\share\vm\prims\jvm.cpp:1166
Event: 1.020 Thread 0x004cb000 Threw 0x0483e070 at C:\jdk7u1_32P\jdk7u9_3984_new\hotspot\src\share\vm\prims\jvm.cpp:1166
Event: 1.034 Thread 0x004cb000 Threw 0x048bd608 at C:\jdk7u1_32P\jdk7u9_3984_new\hotspot\src\share\vm\prims\jvm.cpp:1166
Event: 1.034 Thread 0x004cb000 Threw 0x048bf1f8 at C:\jdk7u1_32P\jdk7u9_3984_new\hotspot\src\share\vm\prims\jvm.cpp:1166
Event: 2.749 Thread 0x1bdb2c00 Threw 0x047b7550 at C:\jdk7u1_32P\jdk7u9_3984_new\hotspot\src\share\vm\prims\jvm.cpp:1166

Events (10 events):
Event: 45.349 Thread 0x00e50000 Thread added: 0x00e50000
Event: 45.355 loading class 0x00d96948
Event: 45.355 loading class 0x00d96910
Event: 45.355 loading class 0x00d96910 done
Event: 45.355 loading class 0x00d96948 done
Event: 45.355 Thread 0x00e4f400 Thread exited: 0x00e4f400
Event: 45.357 Thread 0x00e50000 Thread exited: 0x00e50000
Event: 45.357 Thread 0x1bdd5000 Thread exited: 0x1bdd5000
Event: 45.365 loading class 0x00f1b108
Event: 45.365 loading class 0x00f1b108 done


Dynamic libraries:
0x011d0000 - 0x011ff000 	C:\Program Files (x86)\Java\jre7\bin\javaw.exe
0x770a0000 - 0x77220000 	C:\Windows\SysWOW64\ntdll.dll
0x75f20000 - 0x76030000 	C:\Windows\syswow64\kernel32.dll
0x761a0000 - 0x761e6000 	C:\Windows\syswow64\KERNELBASE.dll
0x75ce0000 - 0x75d80000 	C:\Windows\syswow64\ADVAPI32.dll
0x74e10000 - 0x74ebc000 	C:\Windows\syswow64\msvcrt.dll
0x74c90000 - 0x74ca9000 	C:\Windows\SysWOW64\sechost.dll
0x74900000 - 0x749f0000 	C:\Windows\syswow64\RPCRT4.dll
0x74780000 - 0x747e0000 	C:\Windows\syswow64\SspiCli.dll
0x74770000 - 0x7477c000 	C:\Windows\syswow64\CRYPTBASE.dll
0x75e20000 - 0x75f20000 	C:\Windows\syswow64\USER32.dll
0x76560000 - 0x765f0000 	C:\Windows\syswow64\GDI32.dll
0x76390000 - 0x7639a000 	C:\Windows\syswow64\LPK.dll
0x76030000 - 0x760cd000 	C:\Windows\syswow64\USP10.dll
0x734d0000 - 0x7366e000 	C:\Windows\WinSxS\x86_microsoft.windows.common-controls_6595b64144ccf1df_6.0.7601.17514_none_41e6975e2bd6f2b2\COMCTL32.dll
0x75c80000 - 0x75cd7000 	C:\Windows\syswow64\SHLWAPI.dll
0x763f0000 - 0x76450000 	C:\Windows\system32\IMM32.DLL
0x74f50000 - 0x7501c000 	C:\Windows\syswow64\MSCTF.dll
0x77ad0000 - 0x77b8e000 	C:\Program Files (x86)\Java\jre7\bin\msvcr100.dll
0x6da20000 - 0x6dd6d000 	C:\Program Files (x86)\Java\jre7\bin\client\jvm.dll
0x73ee0000 - 0x73ee7000 	C:\Windows\system32\WSOCK32.dll
0x76520000 - 0x76555000 	C:\Windows\syswow64\WS2_32.dll
0x75020000 - 0x75026000 	C:\Windows\syswow64\NSI.dll
0x74520000 - 0x74552000 	C:\Windows\system32\WINMM.dll
0x75e10000 - 0x75e15000 	C:\Windows\syswow64\PSAPI.DLL
0x71d40000 - 0x71d4c000 	C:\Program Files (x86)\Java\jre7\bin\verify.dll
0x626f0000 - 0x62710000 	C:\Program Files (x86)\Java\jre7\bin\java.dll
0x58280000 - 0x582aa000 	C:\Program Files (x86)\Java\jre7\bin\jdwp.dll
0x62750000 - 0x62757000 	C:\Program Files (x86)\Java\jre7\bin\npt.dll
0x62610000 - 0x62623000 	C:\Program Files (x86)\Java\jre7\bin\zip.dll
0x621e0000 - 0x621e8000 	C:\Program Files (x86)\Java\jre7\bin\dt_socket.dll
0x734c0000 - 0x734d0000 	C:\Windows\system32\NLAapi.dll
0x734b0000 - 0x734c0000 	C:\Windows\system32\napinsp.dll
0x73490000 - 0x734a2000 	C:\Windows\system32\pnrpnsp.dll
0x741d0000 - 0x7420c000 	C:\Windows\System32\mswsock.dll
0x73440000 - 0x73484000 	C:\Windows\system32\DNSAPI.dll
0x73430000 - 0x73438000 	C:\Windows\System32\winrnr.dll
0x73be0000 - 0x73bfc000 	C:\Windows\system32\IPHLPAPI.DLL
0x73bd0000 - 0x73bd7000 	C:\Windows\system32\WINNSI.DLL
0x733f0000 - 0x73428000 	C:\Windows\System32\fwpuclnt.dll
0x733e0000 - 0x733e6000 	C:\Windows\system32\rasadhlp.dll
0x741c0000 - 0x741c5000 	C:\Windows\System32\wshtcpip.dll
0x6c490000 - 0x6c5d2000 	C:\Program Files (x86)\Java\jre7\bin\awt.dll
0x76490000 - 0x7651f000 	C:\Windows\syswow64\OLEAUT32.dll
0x74cb0000 - 0x74e0c000 	C:\Windows\syswow64\ole32.dll
0x741a0000 - 0x741b6000 	C:\Windows\system32\CRYPTSP.dll
0x74160000 - 0x7419b000 	C:\Windows\system32\rsaenh.dll
0x73ca0000 - 0x73cb7000 	C:\Windows\system32\USERENV.dll
0x74210000 - 0x7421b000 	C:\Windows\system32\profapi.dll
0x58260000 - 0x58274000 	C:\Program Files (x86)\Java\jre7\bin\net.dll
0x71ec0000 - 0x71ec6000 	C:\Windows\System32\wship6.dll
0x621d0000 - 0x621df000 	C:\Program Files (x86)\Java\jre7\bin\nio.dll
0x73b90000 - 0x73ba3000 	C:\Windows\system32\DWMAPI.DLL
0x73ae0000 - 0x73b60000 	C:\Windows\system32\uxtheme.dll
0x56de0000 - 0x56e4d000 	C:\Program Files (x86)\SplitMediaLabs\XSplit\Cultures\VHScrCap32.ax
0x74b70000 - 0x74c8b000 	C:\Windows\syswow64\WININET.dll
0x76480000 - 0x76483000 	C:\Windows\syswow64\Normaliz.dll
0x76620000 - 0x767d8000 	C:\Windows\syswow64\iertutil.dll
0x747e0000 - 0x748f1000 	C:\Windows\syswow64\urlmon.dll
0x62190000 - 0x621c0000 	C:\Windows\system32\DINPUT8.dll
0x75030000 - 0x75c7a000 	C:\Windows\syswow64\SHELL32.dll
0x73940000 - 0x73ad0000 	C:\Windows\WinSxS\x86_microsoft.windows.gdiplus_6595b64144ccf1df_1.1.7601.17825_none_72d273598668a06b\gdiplus.dll
0x70a50000 - 0x70a55000 	C:\Windows\system32\MSIMG32.dll
0x71040000 - 0x71098000 	C:\Program Files (x86)\Common Files\microsoft shared\ink\tiptsf.dll
0x746a0000 - 0x746a9000 	C:\Windows\system32\version.dll
0x761f0000 - 0x7638d000 	C:\Windows\syswow64\SETUPAPI.dll
0x765f0000 - 0x76617000 	C:\Windows\syswow64\CFGMGR32.dll
0x763a0000 - 0x763b2000 	C:\Windows\syswow64\DEVOBJ.dll
0x1aae0000 - 0x1abce000 	C:\Program Files (x86)\NVIDIA Corporation\3D Vision\nvSCPAPI.dll
0x63b00000 - 0x63b83000 	C:\Windows\system32\dxgi.dll
0x63260000 - 0x634e1000 	C:\Windows\system32\nvapi.dll
0x76450000 - 0x7647d000 	C:\Windows\syswow64\WINTRUST.dll
0x749f0000 - 0x74b0e000 	C:\Windows\syswow64\CRYPT32.dll
0x77070000 - 0x7707c000 	C:\Windows\syswow64\MSASN1.dll
0x58230000 - 0x5825a000 	C:\Program Files (x86)\Java\jre7\bin\fontmanager.dll
0x74ec0000 - 0x74f43000 	C:\Windows\syswow64\CLBCatQ.DLL
0x744a0000 - 0x744dc000 	C:\Windows\system32\oleacc.dll
0x56ca0000 - 0x56cd1000 	C:\Program Files (x86)\Java\jre7\bin\t2k.dll
0x71110000 - 0x711fb000 	C:\Windows\system32\dbghelp.dll

VM Arguments:
jvm_args: -agentlib:jdwp=transport=dt_socket,suspend=y,address=localhost:55718 -Dfile.encoding=Cp1252 
java_command: ld25.Game
Launcher Type: SUN_STANDARD

Environment Variables:
CLASSPATH=.;C:\Program Files (x86)\QuickTime\QTSystem\QTJava.zip
PATH=C:\Windows\system32;C:\Windows;C:\Windows\System32\Wbem;C:\Windows\System32\WindowsPowerShell\v1.0\;C:\Program Files (x86)\QuickTime\QTSystem\;C:\Program Files (x86)\Git\cmd;C:\Program Files (x86)\MiKTeX 2.9\miktex\bin\;C:\Program Files (x86)\Microsoft SQL Server\100\Tools\Binn\;C:\Program Files\Microsoft SQL Server\100\Tools\Binn\;C:\Program Files\Microsoft SQL Server\100\DTS\Binn\;C:\Program Files\TortoiseSVN\bin;C:\Program Files (x86)\GNU\GnuPG\pub;C:\Program Files\TortoiseHg\;D:\jet7.6-std\bin
USERNAME=Marco
OS=Windows_NT
PROCESSOR_IDENTIFIER=Intel64 Family 6 Model 23 Stepping 6, GenuineIntel



---------------  S Y S T E M  ---------------

OS: Windows 7 , 64 bit Build 7601 Service Pack 1

CPU:total 2 (2 cores per cpu, 1 threads per core) family 6 model 23 stepping 6, cmov, cx8, fxsr, mmx, sse, sse2, sse3, ssse3, sse4.1, tsc

Memory: 4k page, physical 4193464k(603200k free), swap 8385076k(2573668k free)

vm_info: Java HotSpot(TM) Client VM (23.5-b02) for windows-x86 JRE (1.7.0_09-b05), built on Sep 24 2012 22:01:33 by "java_re" with unknown MS VC++:1600

time: Sat Dec 15 20:19:26 2012
elapsed time: 45 seconds

